Analysis & Synthesis report for ModifiedControlUnit
Sun Dec 03 15:19:19 2023
Quartus II 64-Bit Version 13.0.1 Build 232 06/12/2013 Service Pack 1 SJ Web Edition


---------------------
; Table of Contents ;
---------------------
  1. Legal Notice
  2. Analysis & Synthesis Summary
  3. Analysis & Synthesis Settings
  4. Parallel Compilation
  5. Analysis & Synthesis Source Files Read
  6. Analysis & Synthesis Resource Usage Summary
  7. Analysis & Synthesis Resource Utilization by Entity
  8. State Machine - |ModifiedControlUnit|ControlUnit:inst2|FSM:inst2|yfsm
  9. General Register Statistics
 10. Multiplexer Restructuring Statistics (Restructuring Performed)
 11. Elapsed Time Per Partition
 12. Analysis & Synthesis Messages



----------------
; Legal Notice ;
----------------
Copyright (C) 1991-2013 Altera Corporation
Your use of Altera Corporation's design tools, logic functions 
and other software and tools, and its AMPP partner logic 
functions, and any output files from any of the foregoing 
(including device programming or simulation files), and any 
associated documentation or information are expressly subject 
to the terms and conditions of the Altera Program License 
Subscription Agreement, Altera MegaCore Function License 
Agreement, or other applicable license agreement, including, 
without limitation, that your use is for the sole purpose of 
programming logic devices manufactured by Altera and sold by 
Altera or its authorized distributors.  Please refer to the 
applicable agreement for further details.



+--------------------------------------------------------------------------------------+
; Analysis & Synthesis Summary                                                         ;
+------------------------------------+-------------------------------------------------+
; Analysis & Synthesis Status        ; Successful - Sun Dec 03 15:19:19 2023           ;
; Quartus II 64-Bit Version          ; 13.0.1 Build 232 06/12/2013 SP 1 SJ Web Edition ;
; Revision Name                      ; ModifiedControlUnit                             ;
; Top-level Entity Name              ; ModifiedControlUnit                             ;
; Family                             ; Cyclone II                                      ;
; Total logic elements               ; 140                                             ;
;     Total combinational functions  ; 117                                             ;
;     Dedicated logic registers      ; 34                                              ;
; Total registers                    ; 34                                              ;
; Total pins                         ; 68                                              ;
; Total virtual pins                 ; 0                                               ;
; Total memory bits                  ; 0                                               ;
; Embedded Multiplier 9-bit elements ; 0                                               ;
; Total PLLs                         ; 0                                               ;
+------------------------------------+-------------------------------------------------+


+------------------------------------------------------------------------------------------------------------------------+
; Analysis & Synthesis Settings                                                                                          ;
+----------------------------------------------------------------------------+---------------------+---------------------+
; Option                                                                     ; Setting             ; Default Value       ;
+----------------------------------------------------------------------------+---------------------+---------------------+
; Device                                                                     ; EP2C35F672C6        ;                     ;
; Top-level entity name                                                      ; ModifiedControlUnit ; ModifiedControlUnit ;
; Family name                                                                ; Cyclone II          ; Cyclone IV GX       ;
; Use smart compilation                                                      ; Off                 ; Off                 ;
; Enable parallel Assembler and TimeQuest Timing Analyzer during compilation ; On                  ; On                  ;
; Enable compact report table                                                ; Off                 ; Off                 ;
; Restructure Multiplexers                                                   ; Auto                ; Auto                ;
; Create Debugging Nodes for IP Cores                                        ; Off                 ; Off                 ;
; Preserve fewer node names                                                  ; On                  ; On                  ;
; Disable OpenCore Plus hardware evaluation                                  ; Off                 ; Off                 ;
; Verilog Version                                                            ; Verilog_2001        ; Verilog_2001        ;
; VHDL Version                                                               ; VHDL_1993           ; VHDL_1993           ;
; State Machine Processing                                                   ; Auto                ; Auto                ;
; Safe State Machine                                                         ; Off                 ; Off                 ;
; Extract Verilog State Machines                                             ; On                  ; On                  ;
; Extract VHDL State Machines                                                ; On                  ; On                  ;
; Ignore Verilog initial constructs                                          ; Off                 ; Off                 ;
; Iteration limit for constant Verilog loops                                 ; 5000                ; 5000                ;
; Iteration limit for non-constant Verilog loops                             ; 250                 ; 250                 ;
; Add Pass-Through Logic to Inferred RAMs                                    ; On                  ; On                  ;
; Infer RAMs from Raw Logic                                                  ; On                  ; On                  ;
; Parallel Synthesis                                                         ; On                  ; On                  ;
; DSP Block Balancing                                                        ; Auto                ; Auto                ;
; NOT Gate Push-Back                                                         ; On                  ; On                  ;
; Power-Up Don't Care                                                        ; On                  ; On                  ;
; Remove Redundant Logic Cells                                               ; Off                 ; Off                 ;
; Remove Duplicate Registers                                                 ; On                  ; On                  ;
; Ignore CARRY Buffers                                                       ; Off                 ; Off                 ;
; Ignore CASCADE Buffers                                                     ; Off                 ; Off                 ;
; Ignore GLOBAL Buffers                                                      ; Off                 ; Off                 ;
; Ignore ROW GLOBAL Buffers                                                  ; Off                 ; Off                 ;
; Ignore LCELL Buffers                                                       ; Off                 ; Off                 ;
; Ignore SOFT Buffers                                                        ; On                  ; On                  ;
; Limit AHDL Integers to 32 Bits                                             ; Off                 ; Off                 ;
; Optimization Technique                                                     ; Balanced            ; Balanced            ;
; Carry Chain Length                                                         ; 70                  ; 70                  ;
; Auto Carry Chains                                                          ; On                  ; On                  ;
; Auto Open-Drain Pins                                                       ; On                  ; On                  ;
; Perform WYSIWYG Primitive Resynthesis                                      ; Off                 ; Off                 ;
; Auto ROM Replacement                                                       ; On                  ; On                  ;
; Auto RAM Replacement                                                       ; On                  ; On                  ;
; Auto Shift Register Replacement                                            ; Auto                ; Auto                ;
; Allow Shift Register Merging across Hierarchies                            ; Auto                ; Auto                ;
; Auto Clock Enable Replacement                                              ; On                  ; On                  ;
; Strict RAM Replacement                                                     ; Off                 ; Off                 ;
; Allow Synchronous Control Signals                                          ; On                  ; On                  ;
; Force Use of Synchronous Clear Signals                                     ; Off                 ; Off                 ;
; Auto RAM to Logic Cell Conversion                                          ; Off                 ; Off                 ;
; Auto Resource Sharing                                                      ; Off                 ; Off                 ;
; Allow Any RAM Size For Recognition                                         ; Off                 ; Off                 ;
; Allow Any ROM Size For Recognition                                         ; Off                 ; Off                 ;
; Allow Any Shift Register Size For Recognition                              ; Off                 ; Off                 ;
; Use LogicLock Constraints during Resource Balancing                        ; On                  ; On                  ;
; Ignore translate_off and synthesis_off directives                          ; Off                 ; Off                 ;
; Timing-Driven Synthesis                                                    ; Off                 ; Off                 ;
; Report Parameter Settings                                                  ; On                  ; On                  ;
; Report Source Assignments                                                  ; On                  ; On                  ;
; Report Connectivity Checks                                                 ; On                  ; On                  ;
; Ignore Maximum Fan-Out Assignments                                         ; Off                 ; Off                 ;
; Synchronization Register Chain Length                                      ; 2                   ; 2                   ;
; PowerPlay Power Optimization                                               ; Normal compilation  ; Normal compilation  ;
; HDL message level                                                          ; Level2              ; Level2              ;
; Suppress Register Optimization Related Messages                            ; Off                 ; Off                 ;
; Number of Removed Registers Reported in Synthesis Report                   ; 5000                ; 5000                ;
; Number of Swept Nodes Reported in Synthesis Report                         ; 5000                ; 5000                ;
; Number of Inverted Registers Reported in Synthesis Report                  ; 100                 ; 100                 ;
; Clock MUX Protection                                                       ; On                  ; On                  ;
; Auto Gated Clock Conversion                                                ; Off                 ; Off                 ;
; Block Design Naming                                                        ; Auto                ; Auto                ;
; SDC constraint protection                                                  ; Off                 ; Off                 ;
; Synthesis Effort                                                           ; Auto                ; Auto                ;
; Shift Register Replacement - Allow Asynchronous Clear Signal               ; On                  ; On                  ;
; Pre-Mapping Resynthesis Optimization                                       ; Off                 ; Off                 ;
; Analysis & Synthesis Message Level                                         ; Medium              ; Medium              ;
; Disable Register Merging Across Hierarchies                                ; Auto                ; Auto                ;
; Resource Aware Inference For Block RAM                                     ; On                  ; On                  ;
; Synthesis Seed                                                             ; 1                   ; 1                   ;
+----------------------------------------------------------------------------+---------------------+---------------------+


Parallel compilation was disabled, but you have multiple processors available. Enable parallel compilation to reduce compilation time.
+-------------------------------------+
; Parallel Compilation                ;
+----------------------------+--------+
; Processors                 ; Number ;
+----------------------------+--------+
; Number detected on machine ; 4      ;
; Maximum allowed            ; 1      ;
+----------------------------+--------+


+------------------------------------------------------------------------------------------------------------------------------------------------------------------------------------------------------+
; Analysis & Synthesis Source Files Read                                                                                                                                                               ;
+-------------------------------------------------+-----------------+------------------------------------+-----------------------------------------------------------------------------------+---------+
; File Name with User-Entered Path                ; Used in Netlist ; File Type                          ; File Name with Absolute Path                                                      ; Library ;
+-------------------------------------------------+-----------------+------------------------------------+-----------------------------------------------------------------------------------+---------+
; ../../SSEG/sseg_neg.vhd                         ; yes             ; User VHDL File                     ; C:/Users/Owais/Downloads/lab6/SSEG/sseg_neg.vhd                                   ;         ;
; ../../SSEG/sseg.vhd                             ; yes             ; User VHDL File                     ; C:/Users/Owais/Downloads/lab6/SSEG/sseg.vhd                                       ;         ;
; ../../latch1/latch1.vhd                         ; yes             ; User VHDL File                     ; C:/Users/Owais/Downloads/lab6/latch1/latch1.vhd                                   ;         ;
; ../../ControlUnit/Decoder4to16/Decoder4to16.vhd ; yes             ; User VHDL File                     ; C:/Users/Owais/Downloads/lab6/ControlUnit/Decoder4to16/Decoder4to16.vhd           ;         ;
; ../../ControlUnit/FSM/FSM.vhd                   ; yes             ; User VHDL File                     ; C:/Users/Owais/Downloads/lab6/ControlUnit/FSM/FSM.vhd                             ;         ;
; ../../ControlUnit/ControlUnit.bdf               ; yes             ; User Block Diagram/Schematic File  ; C:/Users/Owais/Downloads/lab6/ControlUnit/ControlUnit.bdf                         ;         ;
; ALUModified.vhd                                 ; yes             ; User VHDL File                     ; C:/Users/Owais/Downloads/lab6/PartVII/ModifiedControlUnit/ALUModified.vhd         ;         ;
; ModifiedControlUnit.bdf                         ; yes             ; User Block Diagram/Schematic File  ; C:/Users/Owais/Downloads/lab6/PartVII/ModifiedControlUnit/ModifiedControlUnit.bdf ;         ;
; specialsseg.vhd                                 ; yes             ; User VHDL File                     ; C:/Users/Owais/Downloads/lab6/PartVII/ModifiedControlUnit/specialsseg.vhd         ;         ;
+-------------------------------------------------+-----------------+------------------------------------+-----------------------------------------------------------------------------------+---------+


+-----------------------------------------------------+
; Analysis & Synthesis Resource Usage Summary         ;
+---------------------------------------------+-------+
; Resource                                    ; Usage ;
+---------------------------------------------+-------+
; Estimated Total logic elements              ; 140   ;
;                                             ;       ;
; Total combinational functions               ; 117   ;
; Logic element usage by number of LUT inputs ;       ;
;     -- 4 input functions                    ; 55    ;
;     -- 3 input functions                    ; 34    ;
;     -- <=2 input functions                  ; 28    ;
;                                             ;       ;
; Logic elements by mode                      ;       ;
;     -- normal mode                          ; 96    ;
;     -- arithmetic mode                      ; 21    ;
;                                             ;       ;
; Total registers                             ; 34    ;
;     -- Dedicated logic registers            ; 34    ;
;     -- I/O registers                        ; 0     ;
;                                             ;       ;
; I/O pins                                    ; 68    ;
; Embedded Multiplier 9-bit elements          ; 0     ;
; Maximum fan-out node                        ; Reset ;
; Maximum fan-out                             ; 34    ;
; Total fan-out                               ; 541   ;
; Average fan-out                             ; 2.47  ;
+---------------------------------------------+-------+


+----------------------------------------------------------------------------------------------------------------------------------------------------------------------------------------------------------+
; Analysis & Synthesis Resource Utilization by Entity                                                                                                                                                      ;
+----------------------------+-------------------+--------------+-------------+--------------+---------+-----------+------+--------------+--------------------------------------------------+--------------+
; Compilation Hierarchy Node ; LC Combinationals ; LC Registers ; Memory Bits ; DSP Elements ; DSP 9x9 ; DSP 18x18 ; Pins ; Virtual Pins ; Full Hierarchy Name                              ; Library Name ;
+----------------------------+-------------------+--------------+-------------+--------------+---------+-----------+------+--------------+--------------------------------------------------+--------------+
; |ModifiedControlUnit       ; 117 (0)           ; 34 (0)       ; 0           ; 0            ; 0       ; 0         ; 68   ; 0            ; |ModifiedControlUnit                             ; work         ;
;    |ALUModified:inst3|     ; 92 (92)           ; 9 (9)        ; 0           ; 0            ; 0       ; 0         ; 0    ; 0            ; |ModifiedControlUnit|ALUModified:inst3           ; work         ;
;    |ControlUnit:inst2|     ; 6 (0)             ; 9 (0)        ; 0           ; 0            ; 0       ; 0         ; 0    ; 0            ; |ModifiedControlUnit|ControlUnit:inst2           ; work         ;
;       |FSM:inst2|          ; 6 (6)             ; 9 (9)        ; 0           ; 0            ; 0       ; 0         ; 0    ; 0            ; |ModifiedControlUnit|ControlUnit:inst2|FSM:inst2 ; work         ;
;    |latch1:inst1|          ; 0 (0)             ; 8 (8)        ; 0           ; 0            ; 0       ; 0         ; 0    ; 0            ; |ModifiedControlUnit|latch1:inst1                ; work         ;
;    |latch1:inst|           ; 0 (0)             ; 8 (8)        ; 0           ; 0            ; 0       ; 0         ; 0    ; 0            ; |ModifiedControlUnit|latch1:inst                 ; work         ;
;    |sseg:inst4|            ; 7 (7)             ; 0 (0)        ; 0           ; 0            ; 0       ; 0         ; 0    ; 0            ; |ModifiedControlUnit|sseg:inst4                  ; work         ;
;    |sseg:inst5|            ; 5 (5)             ; 0 (0)        ; 0           ; 0            ; 0       ; 0         ; 0    ; 0            ; |ModifiedControlUnit|sseg:inst5                  ; work         ;
;    |sseg_neg:inst7|        ; 7 (7)             ; 0 (0)        ; 0           ; 0            ; 0       ; 0         ; 0    ; 0            ; |ModifiedControlUnit|sseg_neg:inst7              ; work         ;
+----------------------------+-------------------+--------------+-------------+--------------+---------+-----------+------+--------------+--------------------------------------------------+--------------+
Note: For table entries with two numbers listed, the numbers in parentheses indicate the number of resources of the given type used by the specific entity alone. The numbers listed outside of parentheses indicate the total resources of the given type used by the specific entity and all of its sub-entities in the hierarchy.


Encoding Type:  One-Hot
+---------------------------------------------------------------------------------------------------+
; State Machine - |ModifiedControlUnit|ControlUnit:inst2|FSM:inst2|yfsm                             ;
+---------+---------+---------+---------+---------+---------+---------+---------+---------+---------+
; Name    ; yfsm.s8 ; yfsm.s7 ; yfsm.s6 ; yfsm.s5 ; yfsm.s4 ; yfsm.s3 ; yfsm.s2 ; yfsm.s1 ; yfsm.s0 ;
+---------+---------+---------+---------+---------+---------+---------+---------+---------+---------+
; yfsm.s0 ; 0       ; 0       ; 0       ; 0       ; 0       ; 0       ; 0       ; 0       ; 0       ;
; yfsm.s1 ; 0       ; 0       ; 0       ; 0       ; 0       ; 0       ; 0       ; 1       ; 1       ;
; yfsm.s2 ; 0       ; 0       ; 0       ; 0       ; 0       ; 0       ; 1       ; 0       ; 1       ;
; yfsm.s3 ; 0       ; 0       ; 0       ; 0       ; 0       ; 1       ; 0       ; 0       ; 1       ;
; yfsm.s4 ; 0       ; 0       ; 0       ; 0       ; 1       ; 0       ; 0       ; 0       ; 1       ;
; yfsm.s5 ; 0       ; 0       ; 0       ; 1       ; 0       ; 0       ; 0       ; 0       ; 1       ;
; yfsm.s6 ; 0       ; 0       ; 1       ; 0       ; 0       ; 0       ; 0       ; 0       ; 1       ;
; yfsm.s7 ; 0       ; 1       ; 0       ; 0       ; 0       ; 0       ; 0       ; 0       ; 1       ;
; yfsm.s8 ; 1       ; 0       ; 0       ; 0       ; 0       ; 0       ; 0       ; 0       ; 1       ;
+---------+---------+---------+---------+---------+---------+---------+---------+---------+---------+


+------------------------------------------------------+
; General Register Statistics                          ;
+----------------------------------------------+-------+
; Statistic                                    ; Value ;
+----------------------------------------------+-------+
; Total registers                              ; 34    ;
; Number of registers using Synchronous Clear  ; 0     ;
; Number of registers using Synchronous Load   ; 8     ;
; Number of registers using Asynchronous Clear ; 25    ;
; Number of registers using Asynchronous Load  ; 0     ;
; Number of registers using Clock Enable       ; 17    ;
; Number of registers using Preset             ; 0     ;
+----------------------------------------------+-------+


+----------------------------------------------------------------------------------------------------------------------------------------------------------------+
; Multiplexer Restructuring Statistics (Restructuring Performed)                                                                                                 ;
+--------------------+-----------+---------------+----------------------+------------------------+------------+--------------------------------------------------+
; Multiplexer Inputs ; Bus Width ; Baseline Area ; Area if Restructured ; Saving if Restructured ; Registered ; Example Multiplexer Output                       ;
+--------------------+-----------+---------------+----------------------+------------------------+------------+--------------------------------------------------+
; 129:1              ; 7 bits    ; 602 LEs       ; 42 LEs               ; 560 LEs                ; Yes        ; |ModifiedControlUnit|ALUModified:inst3|Result[3] ;
+--------------------+-----------+---------------+----------------------+------------------------+------------+--------------------------------------------------+


+-------------------------------+
; Elapsed Time Per Partition    ;
+----------------+--------------+
; Partition Name ; Elapsed Time ;
+----------------+--------------+
; Top            ; 00:00:00     ;
+----------------+--------------+


+-------------------------------+
; Analysis & Synthesis Messages ;
+-------------------------------+
Info: *******************************************************************
Info: Running Quartus II 64-Bit Analysis & Synthesis
    Info: Version 13.0.1 Build 232 06/12/2013 Service Pack 1 SJ Web Edition
    Info: Processing started: Sun Dec 03 15:19:17 2023
Info: Command: quartus_map --read_settings_files=on --write_settings_files=off ModifiedControlUnit -c ModifiedControlUnit
Warning (20028): Parallel compilation is not licensed and has been disabled
Info (12021): Found 2 design units, including 1 entities, in source file /users/owais/downloads/lab6/sseg/sseg_neg.vhd
    Info (12022): Found design unit 1: sseg_neg-Behavior
    Info (12023): Found entity 1: sseg_neg
Info (12021): Found 2 design units, including 1 entities, in source file /users/owais/downloads/lab6/sseg/sseg.vhd
    Info (12022): Found design unit 1: sseg-Behavior
    Info (12023): Found entity 1: sseg
Info (12021): Found 2 design units, including 1 entities, in source file /users/owais/downloads/lab6/latch1/latch1.vhd
    Info (12022): Found design unit 1: latch1-Behavior
    Info (12023): Found entity 1: latch1
Info (12021): Found 2 design units, including 1 entities, in source file /users/owais/downloads/lab6/controlunit/decoder4to16/decoder4to16.vhd
    Info (12022): Found design unit 1: Decoder4to16-Behavior
    Info (12023): Found entity 1: Decoder4to16
Info (12021): Found 2 design units, including 1 entities, in source file /users/owais/downloads/lab6/controlunit/fsm/fsm.vhd
    Info (12022): Found design unit 1: FSM-Behavior
    Info (12023): Found entity 1: FSM
Info (12021): Found 1 design units, including 1 entities, in source file /users/owais/downloads/lab6/controlunit/controlunit.bdf
    Info (12023): Found entity 1: ControlUnit
Info (12021): Found 2 design units, including 1 entities, in source file alumodified.vhd
    Info (12022): Found design unit 1: ALUModified-Calculation
    Info (12023): Found entity 1: ALUModified
Info (12021): Found 1 design units, including 1 entities, in source file modifiedcontrolunit.bdf
    Info (12023): Found entity 1: ModifiedControlUnit
Info (12021): Found 2 design units, including 1 entities, in source file specialsseg.vhd
    Info (12022): Found design unit 1: specialsseg-Behavior
    Info (12023): Found entity 1: specialsseg
Info (12127): Elaborating entity "ModifiedControlUnit" for the top level hierarchy
Info (12128): Elaborating entity "ALUModified" for hierarchy "ALUModified:inst3"
Warning (10492): VHDL Process Statement warning at ALUModified.vhd(61): signal "student_id" is read inside the Process Statement but isn't in the Process Statement's sensitivity list
Info (12128): Elaborating entity "latch1" for hierarchy "latch1:inst"
Info (12128): Elaborating entity "ControlUnit" for hierarchy "ControlUnit:inst2"
Info (12128): Elaborating entity "Decoder4to16" for hierarchy "ControlUnit:inst2|Decoder4to16:inst"
Info (12128): Elaborating entity "FSM" for hierarchy "ControlUnit:inst2|FSM:inst2"
Info (12128): Elaborating entity "sseg" for hierarchy "sseg:inst4"
Info (12128): Elaborating entity "sseg_neg" for hierarchy "sseg_neg:inst7"
Warning (10492): VHDL Process Statement warning at sseg_neg.vhd(15): signal "neg" is read inside the Process Statement but isn't in the Process Statement's sensitivity list
Info (12128): Elaborating entity "specialsseg" for hierarchy "specialsseg:inst6"
Warning (13024): Output pins are stuck at VCC or GND
    Warning (13410): Pin "SID_ODD[0]" is stuck at GND
    Warning (13410): Pin "SID_ODD[2]" is stuck at VCC
    Warning (13410): Pin "SID_ODD[6]" is stuck at VCC
    Warning (13410): Pin "Sign[0]" is stuck at VCC
    Warning (13410): Pin "Sign[1]" is stuck at VCC
    Warning (13410): Pin "Sign[2]" is stuck at VCC
    Warning (13410): Pin "Sign[3]" is stuck at VCC
    Warning (13410): Pin "Sign[4]" is stuck at VCC
    Warning (13410): Pin "Sign[5]" is stuck at VCC
Warning (20013): Ignored assignments for entity "FinalDesign" -- entity does not exist in design
    Warning (20014): Assignment for entity set_instance_assignment -name PARTITION_HIERARCHY root_partition -to | -entity FinalDesign -section_id Top was ignored
    Warning (20014): Assignment for entity set_global_assignment -name PARTITION_NETLIST_TYPE SOURCE -entity FinalDesign -section_id Top was ignored
    Warning (20014): Assignment for entity set_global_assignment -name PARTITION_FITTER_PRESERVATION_LEVEL PLACEMENT_AND_ROUTING -entity FinalDesign -section_id Top was ignored
    Warning (20014): Assignment for entity set_global_assignment -name PARTITION_PRESERVE_HIGH_SPEED_TILES ON -entity FinalDesign -section_id Top was ignored
    Warning (20014): Assignment for entity set_global_assignment -name PARTITION_IGNORE_SOURCE_FILE_CHANGES OFF -entity FinalDesign -section_id Top was ignored
    Warning (20014): Assignment for entity set_global_assignment -name PARTITION_ALWAYS_USE_QXP_NETLIST OFF -entity FinalDesign -section_id Top was ignored
    Warning (20014): Assignment for entity set_global_assignment -name PARTITION_COLOR 16764057 -entity FinalDesign -section_id Top was ignored
    Warning (20014): Assignment for entity set_global_assignment -name PARTITION_IMPORT_ASSIGNMENTS ON -entity FinalDesign -section_id Top was ignored
    Warning (20014): Assignment for entity set_global_assignment -name PARTITION_IMPORT_EXISTING_ASSIGNMENTS REPLACE_CONFLICTING -entity FinalDesign -section_id Top was ignored
    Warning (20014): Assignment for entity set_global_assignment -name PARTITION_IMPORT_EXISTING_LOGICLOCK_REGIONS UPDATE_CONFLICTING -entity FinalDesign -section_id Top was ignored
    Warning (20014): Assignment for entity set_global_assignment -name PARTITION_IMPORT_PIN_ASSIGNMENTS ON -entity FinalDesign -section_id Top was ignored
    Warning (20014): Assignment for entity set_global_assignment -name PARTITION_IMPORT_PROMOTE_ASSIGNMENTS ON -entity FinalDesign -section_id Top was ignored
    Warning (20014): Assignment for entity set_global_assignment -name PARTITION_TYPE STANDARD_PARTITION -entity FinalDesign -section_id Top was ignored
    Warning (20014): Assignment for entity set_global_assignment -name ALLOW_MULTIPLE_PERSONAS OFF -entity FinalDesign -section_id Top was ignored
    Warning (20014): Assignment for entity set_global_assignment -name PARTITION_ASD_REGION_ID 1 -entity FinalDesign -section_id Top was ignored
    Warning (20014): Assignment for entity set_global_assignment -name CROSS_BOUNDARY_OPTIMIZATIONS OFF -entity FinalDesign -section_id Top was ignored
    Warning (20014): Assignment for entity set_global_assignment -name PROPAGATE_CONSTANTS_ON_INPUTS ON -entity FinalDesign -section_id Top was ignored
    Warning (20014): Assignment for entity set_global_assignment -name PROPAGATE_INVERSIONS_ON_INPUTS ON -entity FinalDesign -section_id Top was ignored
    Warning (20014): Assignment for entity set_global_assignment -name REMOVE_LOGIC_ON_UNCONNECTED_OUTPUTS ON -entity FinalDesign -section_id Top was ignored
    Warning (20014): Assignment for entity set_global_assignment -name MERGE_EQUIVALENT_INPUTS ON -entity FinalDesign -section_id Top was ignored
    Warning (20014): Assignment for entity set_global_assignment -name MERGE_EQUIVALENT_BIDIRS ON -entity FinalDesign -section_id Top was ignored
    Warning (20014): Assignment for entity set_global_assignment -name ABSORB_PATHS_FROM_OUTPUTS_TO_INPUTS ON -entity FinalDesign -section_id Top was ignored
    Warning (20014): Assignment for entity set_global_assignment -name PARTITION_EXTRACT_HARD_BLOCK_NODES ON -entity FinalDesign -section_id Top was ignored
Info (16010): Generating hard_block partition "hard_block:auto_generated_inst"
    Info (16011): Adding 0 node(s), including 0 DDIO, 0 PLL, 0 transceiver and 0 LCELL
Info (21057): Implemented 208 device resources after synthesis - the final resource count might be different
    Info (21058): Implemented 19 input pins
    Info (21059): Implemented 49 output pins
    Info (21061): Implemented 140 logic cells
Info: Quartus II 64-Bit Analysis & Synthesis was successful. 0 errors, 37 warnings
    Info: Peak virtual memory: 4633 megabytes
    Info: Processing ended: Sun Dec 03 15:19:19 2023
    Info: Elapsed time: 00:00:02
    Info: Total CPU time (on all processors): 00:00:02


