Flow report for Decoder4to16
Tue Nov 28 15:40:28 2023
Quartus II 32-bit Version 13.0.1 Build 232 06/12/2013 Service Pack 1 SJ Full Version


---------------------
; Table of Contents ;
---------------------
  1. Legal Notice
  2. Flow Summary
  3. Flow Settings
  4. Flow Non-Default Global Settings
  5. Flow Elapsed Time
  6. Flow OS Summary
  7. Flow Log
  8. Flow Messages
  9. Flow Suppressed Messages



----------------
; Legal Notice ;
----------------
Copyright (C) 1991-2013 Altera Corporation
Your use of Altera Corporation's design tools, logic functions 
and other software and tools, and its AMPP partner logic 
functions, and any output files from any of the foregoing 
(including device programming or simulation files), and any 
associated documentation or information are expressly subject 
to the terms and conditions of the Altera Program License 
Subscription Agreement, Altera MegaCore Function License 
Agreement, or other applicable license agreement, including, 
without limitation, that your use is for the sole purpose of 
programming logic devices manufactured by Altera and sold by 
Altera or its authorized distributors.  Please refer to the 
applicable agreement for further details.



+---------------------------------------------------------------------------------------+
; Flow Summary                                                                          ;
+------------------------------------+--------------------------------------------------+
; Flow Status                        ; Successful - Tue Nov 28 15:40:28 2023            ;
; Quartus II 32-bit Version          ; 13.0.1 Build 232 06/12/2013 SP 1 SJ Full Version ;
; Revision Name                      ; Decoder4to16                                     ;
; Top-level Entity Name              ; Decoder4to16                                     ;
; Family                             ; Cyclone II                                       ;
; Device                             ; EP2C35F672C6                                     ;
; Timing Models                      ; Final                                            ;
; Total logic elements               ; 20 / 33,216 ( < 1 % )                            ;
;     Total combinational functions  ; 20 / 33,216 ( < 1 % )                            ;
;     Dedicated logic registers      ; 0 / 33,216 ( 0 % )                               ;
; Total registers                    ; 0                                                ;
; Total pins                         ; 21 / 475 ( 4 % )                                 ;
; Total virtual pins                 ; 0                                                ;
; Total memory bits                  ; 0 / 483,840 ( 0 % )                              ;
; Embedded Multiplier 9-bit elements ; 0 / 70 ( 0 % )                                   ;
; Total PLLs                         ; 0 / 4 ( 0 % )                                    ;
+------------------------------------+--------------------------------------------------+


+-----------------------------------------+
; Flow Settings                           ;
+-------------------+---------------------+
; Option            ; Setting             ;
+-------------------+---------------------+
; Start date & time ; 11/28/2023 15:39:41 ;
; Main task         ; Compilation         ;
; Revision Name     ; Decoder4to16        ;
+-------------------+---------------------+


+------------------------------------------------------------------------------------------------------------------+
; Flow Non-Default Global Settings                                                                                 ;
+-------------------------------------+---------------------------------+---------------+-------------+------------+
; Assignment Name                     ; Value                           ; Default Value ; Entity Name ; Section Id ;
+-------------------------------------+---------------------------------+---------------+-------------+------------+
; COMPILER_SIGNATURE_ID               ; 203178703705107.170120398113825 ; --            ; --          ; --         ;
; MAX_CORE_JUNCTION_TEMP              ; 85                              ; --            ; --          ; --         ;
; MIN_CORE_JUNCTION_TEMP              ; 0                               ; --            ; --          ; --         ;
; PARTITION_COLOR                     ; 16764057                        ; --            ; --          ; Top        ;
; PARTITION_FITTER_PRESERVATION_LEVEL ; PLACEMENT_AND_ROUTING           ; --            ; --          ; Top        ;
; PARTITION_NETLIST_TYPE              ; SOURCE                          ; --            ; --          ; Top        ;
; PROJECT_OUTPUT_DIRECTORY            ; output_files                    ; --            ; --          ; --         ;
+-------------------------------------+---------------------------------+---------------+-------------+------------+


+-------------------------------------------------------------------------------------------------------------------------------+
; Flow Elapsed Time                                                                                                             ;
+---------------------------+--------------+-------------------------+---------------------+------------------------------------+
; Module Name               ; Elapsed Time ; Average Processors Used ; Peak Virtual Memory ; Total CPU Time (on all processors) ;
+---------------------------+--------------+-------------------------+---------------------+------------------------------------+
; Analysis & Synthesis      ; 00:00:05     ; 1.0                     ; 371 MB              ; 00:00:02                           ;
; Fitter                    ; 00:00:06     ; 1.0                     ; 540 MB              ; 00:00:05                           ;
; Assembler                 ; 00:00:03     ; 1.0                     ; 339 MB              ; 00:00:02                           ;
; TimeQuest Timing Analyzer ; 00:00:03     ; 1.0                     ; 320 MB              ; 00:00:01                           ;
; EDA Netlist Writer        ; 00:00:01     ; 1.0                     ; 318 MB              ; 00:00:01                           ;
; EDA Netlist Writer        ; 00:00:01     ; 1.0                     ; 318 MB              ; 00:00:01                           ;
; Total                     ; 00:00:19     ; --                      ; --                  ; 00:00:12                           ;
+---------------------------+--------------+-------------------------+---------------------+------------------------------------+


+------------------------------------------------------------------------------------------------+
; Flow OS Summary                                                                                ;
+---------------------------+---------------------+--------------+--------------+----------------+
; Module Name               ; Machine Hostname    ; OS Name      ; OS Version   ; Processor type ;
+---------------------------+---------------------+--------------+--------------+----------------+
; Analysis & Synthesis      ; short.ee.ryerson.ca ; CentOS Linux ; CentOS Linux ; x86_64         ;
; Fitter                    ; short.ee.ryerson.ca ; CentOS Linux ; CentOS Linux ; x86_64         ;
; Assembler                 ; short.ee.ryerson.ca ; CentOS Linux ; CentOS Linux ; x86_64         ;
; TimeQuest Timing Analyzer ; short.ee.ryerson.ca ; CentOS Linux ; CentOS Linux ; x86_64         ;
; EDA Netlist Writer        ; short.ee.ryerson.ca ; CentOS Linux ; CentOS Linux ; x86_64         ;
; EDA Netlist Writer        ; short.ee.ryerson.ca ; CentOS Linux ; CentOS Linux ; x86_64         ;
+---------------------------+---------------------+--------------+--------------+----------------+


------------
; Flow Log ;
------------
quartus_map --read_settings_files=on --write_settings_files=off Decoder4to16 -c Decoder4to16
quartus_fit --read_settings_files=off --write_settings_files=off Decoder4to16 -c Decoder4to16
quartus_asm --read_settings_files=off --write_settings_files=off Decoder4to16 -c Decoder4to16
quartus_sta Decoder4to16 -c Decoder4to16
quartus_eda --gen_testbench --check_outputs=on --tool=modelsim_oem --format=verilog Decoder4to16 -c Decoder4to16 --vector_source=/home/student2/mhvizdos/Desktop/lab6/ControlUnit/Decoder4to16/DecoderWaveform.vwf --testbench_file=./simulation/qsim/Decoder4to16.vt
quartus_eda --functional=on --simulation=on --tool=modelsim_oem --format=verilog Decoder4to16 -c Decoder4to16



